app/build/intermediates/manifest_merge_blame_file/debug/manifest-merger-blame-debug-report.txt
1<?xml version="1.0" encoding="utf-8"?>
2<manifest xmlns:android="http://schemas.android.com/apk/res/android"
3    package="com.example.stdili"
4    android:versionCode="1"
5    android:versionName="1.0" >
6
7    <uses-sdk
8        android:minSdkVersion="21"
9        android:targetSdkVersion="34" />
10
11    <uses-permission android:name="android.permission.INTERNET" />
11-->src\main\AndroidManifest.xml:4:5-67
11-->src\main\AndroidManifest.xml:4:22-64
12    <uses-permission android:name="android.permission.ACCESS_NETWORK_STATE" />
12-->src\main\AndroidManifest.xml:5:5-79
12-->src\main\AndroidManifest.xml:5:22-76
13    <uses-permission android:name="android.permission.RECORD_AUDIO" />
13-->src\main\AndroidManifest.xml:6:5-71
13-->src\main\AndroidManifest.xml:6:22-68
14    <uses-permission android:name="android.permission.CAMERA" />
14-->src\main\AndroidManifest.xml:7:5-65
14-->src\main\AndroidManifest.xml:7:22-62
15    <uses-permission android:name="android.permission.WRITE_EXTERNAL_STORAGE" />
15-->src\main\AndroidManifest.xml:8:5-81
15-->src\main\AndroidManifest.xml:8:22-78
16    <uses-permission android:name="android.permission.POST_NOTIFICATIONS" />
16-->src\main\AndroidManifest.xml:9:5-77
16-->src\main\AndroidManifest.xml:9:22-74
17    <uses-permission android:name="android.permission.WAKE_LOCK" /> <!-- Required by older versions of Google Play services to create IID tokens -->
17-->[com.google.firebase:firebase-messaging:23.4.0] AndroidManifest.xml:24:5-68
17-->[com.google.firebase:firebase-messaging:23.4.0] AndroidManifest.xml:24:22-65
18    <uses-permission android:name="com.google.android.c2dm.permission.RECEIVE" />
18-->[com.google.firebase:firebase-messaging:23.4.0] AndroidManifest.xml:26:5-82
18-->[com.google.firebase:firebase-messaging:23.4.0] AndroidManifest.xml:26:22-79
19
20    <permission
20-->[androidx.core:core:1.12.0] AndroidManifest.xml:22:5-24:47
21        android:name="com.example.stdili.DYNAMIC_RECEIVER_NOT_EXPORTED_PERMISSION"
21-->[androidx.core:core:1.12.0] AndroidManifest.xml:23:9-81
22        android:protectionLevel="signature" />
22-->[androidx.core:core:1.12.0] AndroidManifest.xml:24:9-44
23
24    <uses-permission android:name="com.example.stdili.DYNAMIC_RECEIVER_NOT_EXPORTED_PERMISSION" />
24-->[androidx.core:core:1.12.0] AndroidManifest.xml:26:5-97
24-->[androidx.core:core:1.12.0] AndroidManifest.xml:26:22-94
25
26    <application
26-->src\main\AndroidManifest.xml:10:5-125:19
27        android:allowBackup="true"
27-->src\main\AndroidManifest.xml:11:9-35
28        android:appComponentFactory="androidx.core.app.CoreComponentFactory"
28-->[androidx.core:core:1.12.0] AndroidManifest.xml:28:18-86
29        android:dataExtractionRules="@xml/data_extraction_rules"
29-->src\main\AndroidManifest.xml:12:9-65
30        android:debuggable="true"
31        android:extractNativeLibs="true"
32        android:fullBackupContent="@xml/backup_rules"
32-->src\main\AndroidManifest.xml:13:9-54
33        android:icon="@drawable/logo"
33-->src\main\AndroidManifest.xml:14:9-38
34        android:label="@string/app_name"
34-->src\main\AndroidManifest.xml:15:9-41
35        android:roundIcon="@drawable/logo"
35-->src\main\AndroidManifest.xml:16:9-43
36        android:supportsRtl="true"
36-->src\main\AndroidManifest.xml:17:9-35
37        android:theme="@style/AppTheme.NoActionBar" >
37-->src\main\AndroidManifest.xml:18:9-52
38        <activity
38-->src\main\AndroidManifest.xml:20:9-28:20
39            android:name="com.stdili.activities.SplashActivity"
39-->src\main\AndroidManifest.xml:21:13-54
40            android:exported="true"
40-->src\main\AndroidManifest.xml:22:13-36
41            android:theme="@style/AppTheme.NoActionBar" >
41-->src\main\AndroidManifest.xml:23:13-56
42            <intent-filter>
42-->src\main\AndroidManifest.xml:24:13-27:29
43                <action android:name="android.intent.action.MAIN" />
43-->src\main\AndroidManifest.xml:25:17-69
43-->src\main\AndroidManifest.xml:25:25-66
44
45                <category android:name="android.intent.category.LAUNCHER" />
45-->src\main\AndroidManifest.xml:26:17-77
45-->src\main\AndroidManifest.xml:26:27-74
46            </intent-filter>
47        </activity>
48        <activity
48-->src\main\AndroidManifest.xml:29:9-31:40
49            android:name="com.stdili.activities.OnboardingActivity"
49-->src\main\AndroidManifest.xml:30:13-58
50            android:exported="false" />
50-->src\main\AndroidManifest.xml:31:13-37
51        <activity
51-->src\main\AndroidManifest.xml:32:9-34:40
52            android:name="com.stdili.activities.WelcomeActivity"
52-->src\main\AndroidManifest.xml:33:13-55
53            android:exported="false" />
53-->src\main\AndroidManifest.xml:34:13-37
54        <activity
54-->src\main\AndroidManifest.xml:35:9-37:40
55            android:name="com.stdili.activities.LoginActivity"
55-->src\main\AndroidManifest.xml:36:13-53
56            android:exported="false" />
56-->src\main\AndroidManifest.xml:37:13-37
57        <activity
57-->src\main\AndroidManifest.xml:38:9-40:40
58            android:name="com.stdili.activities.SignupActivity"
58-->src\main\AndroidManifest.xml:39:13-54
59            android:exported="false" />
59-->src\main\AndroidManifest.xml:40:13-37
60        <activity
60-->src\main\AndroidManifest.xml:41:9-43:40
61            android:name="com.stdili.activities.OtpLoginActivity"
61-->src\main\AndroidManifest.xml:42:13-56
62            android:exported="false" />
62-->src\main\AndroidManifest.xml:43:13-37
63        <activity
63-->src\main\AndroidManifest.xml:44:9-46:40
64            android:name="com.stdili.activities.ForgotPasswordActivity"
64-->src\main\AndroidManifest.xml:45:13-62
65            android:exported="false" />
65-->src\main\AndroidManifest.xml:46:13-37
66        <activity
66-->src\main\AndroidManifest.xml:47:9-49:40
67            android:name="com.stdili.activities.MainActivity"
67-->src\main\AndroidManifest.xml:48:13-52
68            android:exported="false" />
68-->src\main\AndroidManifest.xml:49:13-37
69        <activity
69-->src\main\AndroidManifest.xml:50:9-52:40
70            android:name="com.stdili.activities.HomeActivity"
70-->src\main\AndroidManifest.xml:51:13-52
71            android:exported="false" />
71-->src\main\AndroidManifest.xml:52:13-37
72        <activity
72-->src\main\AndroidManifest.xml:53:9-55:40
73            android:name="com.stdili.activities.StudyHubActivity"
73-->src\main\AndroidManifest.xml:54:13-56
74            android:exported="false" />
74-->src\main\AndroidManifest.xml:55:13-37
75        <activity
75-->src\main\AndroidManifest.xml:56:9-58:40
76            android:name="com.stdili.activities.AICounsellorActivity"
76-->src\main\AndroidManifest.xml:57:13-60
77            android:exported="false" />
77-->src\main\AndroidManifest.xml:58:13-37
78        <activity
78-->src\main\AndroidManifest.xml:59:9-61:40
79            android:name="com.stdili.activities.AdeonTutorActivity"
79-->src\main\AndroidManifest.xml:60:13-58
80            android:exported="false" />
80-->src\main\AndroidManifest.xml:61:13-37
81        <activity
81-->src\main\AndroidManifest.xml:62:9-64:40
82            android:name="com.stdili.activities.AITutorActivity"
82-->src\main\AndroidManifest.xml:63:13-55
83            android:exported="false" />
83-->src\main\AndroidManifest.xml:64:13-37
84        <activity
84-->src\main\AndroidManifest.xml:65:9-67:40
85            android:name="com.stdili.activities.NetworkActivity"
85-->src\main\AndroidManifest.xml:66:13-55
86            android:exported="false" />
86-->src\main\AndroidManifest.xml:67:13-37
87        <activity
87-->src\main\AndroidManifest.xml:68:9-70:40
88            android:name="com.stdili.activities.ProfileActivity"
88-->src\main\AndroidManifest.xml:69:13-55
89            android:exported="false" />
89-->src\main\AndroidManifest.xml:70:13-37
90        <activity
90-->src\main\AndroidManifest.xml:71:9-73:40
91            android:name="com.stdili.activities.TeacherDashboardActivity"
91-->src\main\AndroidManifest.xml:72:13-64
92            android:exported="false" />
92-->src\main\AndroidManifest.xml:73:13-37
93        <activity
93-->src\main\AndroidManifest.xml:74:9-76:40
94            android:name="com.stdili.activities.GroupChatActivity"
94-->src\main\AndroidManifest.xml:75:13-57
95            android:exported="false" />
95-->src\main\AndroidManifest.xml:76:13-37
96        <activity
96-->src\main\AndroidManifest.xml:77:9-79:40
97            android:name="com.stdili.activities.ChatActivity"
97-->src\main\AndroidManifest.xml:78:13-52
98            android:exported="false" />
98-->src\main\AndroidManifest.xml:79:13-37
99        <activity
99-->src\main\AndroidManifest.xml:80:9-82:40
100            android:name="com.stdili.activities.EditProfileActivity"
100-->src\main\AndroidManifest.xml:81:13-59
101            android:exported="false" />
101-->src\main\AndroidManifest.xml:82:13-37
102        <activity
102-->src\main\AndroidManifest.xml:83:9-85:40
103            android:name="com.stdili.activities.SettingsActivity"
103-->src\main\AndroidManifest.xml:84:13-56
104            android:exported="false" />
104-->src\main\AndroidManifest.xml:85:13-37
105        <activity
105-->src\main\AndroidManifest.xml:86:9-88:40
106            android:name="com.stdili.activities.PomodoroActivity"
106-->src\main\AndroidManifest.xml:87:13-56
107            android:exported="false" />
107-->src\main\AndroidManifest.xml:88:13-37
108        <activity
108-->src\main\AndroidManifest.xml:89:9-91:40
109            android:name="com.stdili.activities.DailyGoalsActivity"
109-->src\main\AndroidManifest.xml:90:13-58
110            android:exported="false" />
110-->src\main\AndroidManifest.xml:91:13-37
111        <activity
111-->src\main\AndroidManifest.xml:92:9-96:40
112            android:name="com.stdili.activities.OneOnOneChatActivity"
112-->src\main\AndroidManifest.xml:93:13-60
113            android:exported="false"
113-->src\main\AndroidManifest.xml:96:13-37
114            android:label="Chat"
114-->src\main\AndroidManifest.xml:94:13-33
115            android:parentActivityName="com.stdili.activities.MainActivity" />
115-->src\main\AndroidManifest.xml:95:13-66
116        <activity
116-->src\main\AndroidManifest.xml:97:9-101:40
117            android:name="com.stdili.activities.AINoteGeneratorActivity"
117-->src\main\AndroidManifest.xml:98:13-63
118            android:exported="false"
118-->src\main\AndroidManifest.xml:101:13-37
119            android:label="AI Notes Generator"
119-->src\main\AndroidManifest.xml:99:13-47
120            android:parentActivityName="com.stdili.activities.MainActivity" />
120-->src\main\AndroidManifest.xml:100:13-66
121        <activity
121-->src\main\AndroidManifest.xml:102:9-107:40
122            android:name="com.stdili.activities.ExamConductorActivity"
122-->src\main\AndroidManifest.xml:103:13-61
123            android:exported="false"
123-->src\main\AndroidManifest.xml:107:13-37
124            android:label="Exam Proctoring"
124-->src\main\AndroidManifest.xml:104:13-44
125            android:parentActivityName="com.stdili.activities.MainActivity"
125-->src\main\AndroidManifest.xml:106:13-66
126            android:screenOrientation="portrait" />
126-->src\main\AndroidManifest.xml:105:13-49
127        <activity
127-->src\main\AndroidManifest.xml:108:9-112:40
128            android:name="com.stdili.activities.CommunityGroupActivity"
128-->src\main\AndroidManifest.xml:109:13-62
129            android:exported="false"
129-->src\main\AndroidManifest.xml:112:13-37
130            android:label="Community Groups"
130-->src\main\AndroidManifest.xml:110:13-45
131            android:parentActivityName="com.stdili.activities.MainActivity" />
131-->src\main\AndroidManifest.xml:111:13-66
132        <activity
132-->src\main\AndroidManifest.xml:113:9-117:40
133            android:name="com.stdili.activities.CreateGroupActivity"
133-->src\main\AndroidManifest.xml:114:13-59
134            android:exported="false"
134-->src\main\AndroidManifest.xml:117:13-37
135            android:label="Create Group"
135-->src\main\AndroidManifest.xml:115:13-41
136            android:parentActivityName="com.stdili.activities.CommunityGroupActivity" />
136-->src\main\AndroidManifest.xml:116:13-76
137
138        <service
138-->src\main\AndroidManifest.xml:118:9-124:19
139            android:name="com.stdili.services.FirebaseMessagingService"
139-->src\main\AndroidManifest.xml:119:13-62
140            android:exported="false" >
140-->src\main\AndroidManifest.xml:120:13-37
141            <intent-filter>
141-->src\main\AndroidManifest.xml:121:13-123:29
142                <action android:name="com.google.firebase.MESSAGING_EVENT" />
142-->src\main\AndroidManifest.xml:122:17-78
142-->src\main\AndroidManifest.xml:122:25-75
143            </intent-filter>
144        </service>
145        <service
145-->[androidx.camera:camera-camera2:1.3.0] AndroidManifest.xml:24:9-33:19
146            android:name="androidx.camera.core.impl.MetadataHolderService"
146-->[androidx.camera:camera-camera2:1.3.0] AndroidManifest.xml:25:13-75
147            android:enabled="false"
147-->[androidx.camera:camera-camera2:1.3.0] AndroidManifest.xml:26:13-36
148            android:exported="false" >
148-->[androidx.camera:camera-camera2:1.3.0] AndroidManifest.xml:27:13-37
149            <meta-data
149-->[androidx.camera:camera-camera2:1.3.0] AndroidManifest.xml:30:13-32:89
150                android:name="androidx.camera.core.impl.MetadataHolderService.DEFAULT_CONFIG_PROVIDER"
150-->[androidx.camera:camera-camera2:1.3.0] AndroidManifest.xml:31:17-103
151                android:value="androidx.camera.camera2.Camera2Config$DefaultProvider" />
151-->[androidx.camera:camera-camera2:1.3.0] AndroidManifest.xml:32:17-86
152        </service>
153
154        <activity
154-->[com.google.firebase:firebase-auth:22.1.0] AndroidManifest.xml:29:9-46:20
155            android:name="com.google.firebase.auth.internal.GenericIdpActivity"
155-->[com.google.firebase:firebase-auth:22.1.0] AndroidManifest.xml:30:13-80
156            android:excludeFromRecents="true"
156-->[com.google.firebase:firebase-auth:22.1.0] AndroidManifest.xml:31:13-46
157            android:exported="true"
157-->[com.google.firebase:firebase-auth:22.1.0] AndroidManifest.xml:32:13-36
158            android:launchMode="singleTask"
158-->[com.google.firebase:firebase-auth:22.1.0] AndroidManifest.xml:33:13-44
159            android:theme="@android:style/Theme.Translucent.NoTitleBar" >
159-->[com.google.firebase:firebase-auth:22.1.0] AndroidManifest.xml:34:13-72
160            <intent-filter>
160-->[com.google.firebase:firebase-auth:22.1.0] AndroidManifest.xml:35:13-45:29
161                <action android:name="android.intent.action.VIEW" />
161-->[com.google.firebase:firebase-auth:22.1.0] AndroidManifest.xml:36:17-69
161-->[com.google.firebase:firebase-auth:22.1.0] AndroidManifest.xml:36:25-66
162
163                <category android:name="android.intent.category.DEFAULT" />
163-->[com.google.firebase:firebase-auth:22.1.0] AndroidManifest.xml:38:17-76
163-->[com.google.firebase:firebase-auth:22.1.0] AndroidManifest.xml:38:27-73
164                <category android:name="android.intent.category.BROWSABLE" />
164-->[com.google.firebase:firebase-auth:22.1.0] AndroidManifest.xml:39:17-78
164-->[com.google.firebase:firebase-auth:22.1.0] AndroidManifest.xml:39:27-75
165
166                <data
166-->[com.google.firebase:firebase-auth:22.1.0] AndroidManifest.xml:41:17-44:51
167                    android:host="firebase.auth"
167-->[com.google.firebase:firebase-auth:22.1.0] AndroidManifest.xml:42:21-49
168                    android:path="/"
168-->[com.google.firebase:firebase-auth:22.1.0] AndroidManifest.xml:43:21-37
169                    android:scheme="genericidp" />
169-->[com.google.firebase:firebase-auth:22.1.0] AndroidManifest.xml:44:21-48
170            </intent-filter>
171        </activity>
172        <activity
172-->[com.google.firebase:firebase-auth:22.1.0] AndroidManifest.xml:47:9-64:20
173            android:name="com.google.firebase.auth.internal.RecaptchaActivity"
173-->[com.google.firebase:firebase-auth:22.1.0] AndroidManifest.xml:48:13-79
174            android:excludeFromRecents="true"
174-->[com.google.firebase:firebase-auth:22.1.0] AndroidManifest.xml:49:13-46
175            android:exported="true"
175-->[com.google.firebase:firebase-auth:22.1.0] AndroidManifest.xml:50:13-36
176            android:launchMode="singleTask"
176-->[com.google.firebase:firebase-auth:22.1.0] AndroidManifest.xml:51:13-44
177            android:theme="@android:style/Theme.Translucent.NoTitleBar" >
177-->[com.google.firebase:firebase-auth:22.1.0] AndroidManifest.xml:52:13-72
178            <intent-filter>
178-->[com.google.firebase:firebase-auth:22.1.0] AndroidManifest.xml:53:13-63:29
179                <action android:name="android.intent.action.VIEW" />
179-->[com.google.firebase:firebase-auth:22.1.0] AndroidManifest.xml:36:17-69
179-->[com.google.firebase:firebase-auth:22.1.0] AndroidManifest.xml:36:25-66
180
181                <category android:name="android.intent.category.DEFAULT" />
181-->[com.google.firebase:firebase-auth:22.1.0] AndroidManifest.xml:38:17-76
181-->[com.google.firebase:firebase-auth:22.1.0] AndroidManifest.xml:38:27-73
182                <category android:name="android.intent.category.BROWSABLE" />
182-->[com.google.firebase:firebase-auth:22.1.0] AndroidManifest.xml:39:17-78
182-->[com.google.firebase:firebase-auth:22.1.0] AndroidManifest.xml:39:27-75
183
184                <data
184-->[com.google.firebase:firebase-auth:22.1.0] AndroidManifest.xml:41:17-44:51
185                    android:host="firebase.auth"
185-->[com.google.firebase:firebase-auth:22.1.0] AndroidManifest.xml:42:21-49
186                    android:path="/"
186-->[com.google.firebase:firebase-auth:22.1.0] AndroidManifest.xml:43:21-37
187                    android:scheme="recaptcha" />
187-->[com.google.firebase:firebase-auth:22.1.0] AndroidManifest.xml:44:21-48
188            </intent-filter>
189        </activity>
190
191        <service
191-->[com.google.firebase:firebase-auth:22.1.0] AndroidManifest.xml:66:9-72:19
192            android:name="com.google.firebase.components.ComponentDiscoveryService"
192-->[com.google.firebase:firebase-auth:22.1.0] AndroidManifest.xml:67:13-84
193            android:directBootAware="true"
193-->[com.google.firebase:firebase-common:20.4.2] AndroidManifest.xml:32:13-43
194            android:exported="false" >
194-->[com.google.firebase:firebase-auth:22.1.0] AndroidManifest.xml:68:13-37
195            <meta-data
195-->[com.google.firebase:firebase-auth:22.1.0] AndroidManifest.xml:69:13-71:85
196                android:name="com.google.firebase.components:com.google.firebase.auth.FirebaseAuthRegistrar"
196-->[com.google.firebase:firebase-auth:22.1.0] AndroidManifest.xml:70:17-109
197                android:value="com.google.firebase.components.ComponentRegistrar" />
197-->[com.google.firebase:firebase-auth:22.1.0] AndroidManifest.xml:71:17-82
198            <meta-data
198-->[com.google.firebase:firebase-firestore:24.9.1] AndroidManifest.xml:17:13-19:85
199                android:name="com.google.firebase.components:com.google.firebase.firestore.FirebaseFirestoreKtxRegistrar"
199-->[com.google.firebase:firebase-firestore:24.9.1] AndroidManifest.xml:18:17-122
200                android:value="com.google.firebase.components.ComponentRegistrar" />
200-->[com.google.firebase:firebase-firestore:24.9.1] AndroidManifest.xml:19:17-82
201            <meta-data
201-->[com.google.firebase:firebase-firestore:24.9.1] AndroidManifest.xml:20:13-22:85
202                android:name="com.google.firebase.components:com.google.firebase.firestore.FirestoreRegistrar"
202-->[com.google.firebase:firebase-firestore:24.9.1] AndroidManifest.xml:21:17-111
203                android:value="com.google.firebase.components.ComponentRegistrar" />
203-->[com.google.firebase:firebase-firestore:24.9.1] AndroidManifest.xml:22:17-82
204            <meta-data
204-->[com.google.firebase:firebase-storage:20.3.0] AndroidManifest.xml:30:13-32:85
205                android:name="com.google.firebase.components:com.google.firebase.storage.FirebaseStorageKtxRegistrar"
205-->[com.google.firebase:firebase-storage:20.3.0] AndroidManifest.xml:31:17-118
206                android:value="com.google.firebase.components.ComponentRegistrar" />
206-->[com.google.firebase:firebase-storage:20.3.0] AndroidManifest.xml:32:17-82
207            <meta-data
207-->[com.google.firebase:firebase-storage:20.3.0] AndroidManifest.xml:33:13-35:85
208                android:name="com.google.firebase.components:com.google.firebase.storage.StorageRegistrar"
208-->[com.google.firebase:firebase-storage:20.3.0] AndroidManifest.xml:34:17-107
209                android:value="com.google.firebase.components.ComponentRegistrar" />
209-->[com.google.firebase:firebase-storage:20.3.0] AndroidManifest.xml:35:17-82
210            <meta-data
210-->[com.google.firebase:firebase-messaging:23.4.0] AndroidManifest.xml:57:13-59:85
211                android:name="com.google.firebase.components:com.google.firebase.messaging.FirebaseMessagingKtxRegistrar"
211-->[com.google.firebase:firebase-messaging:23.4.0] AndroidManifest.xml:58:17-122
212                android:value="com.google.firebase.components.ComponentRegistrar" />
212-->[com.google.firebase:firebase-messaging:23.4.0] AndroidManifest.xml:59:17-82
213            <meta-data
213-->[com.google.firebase:firebase-messaging:23.4.0] AndroidManifest.xml:60:13-62:85
214                android:name="com.google.firebase.components:com.google.firebase.messaging.FirebaseMessagingRegistrar"
214-->[com.google.firebase:firebase-messaging:23.4.0] AndroidManifest.xml:61:17-119
215                android:value="com.google.firebase.components.ComponentRegistrar" />
215-->[com.google.firebase:firebase-messaging:23.4.0] AndroidManifest.xml:62:17-82
216            <meta-data
216-->[com.google.firebase:firebase-appcheck:17.1.0] AndroidManifest.xml:25:13-27:85
217                android:name="com.google.firebase.components:com.google.firebase.appcheck.FirebaseAppCheckKtxRegistrar"
217-->[com.google.firebase:firebase-appcheck:17.1.0] AndroidManifest.xml:26:17-120
218                android:value="com.google.firebase.components.ComponentRegistrar" />
218-->[com.google.firebase:firebase-appcheck:17.1.0] AndroidManifest.xml:27:17-82
219            <meta-data
219-->[com.google.firebase:firebase-appcheck:17.1.0] AndroidManifest.xml:28:13-30:85
220                android:name="com.google.firebase.components:com.google.firebase.appcheck.FirebaseAppCheckRegistrar"
220-->[com.google.firebase:firebase-appcheck:17.1.0] AndroidManifest.xml:29:17-117
221                android:value="com.google.firebase.components.ComponentRegistrar" />
221-->[com.google.firebase:firebase-appcheck:17.1.0] AndroidManifest.xml:30:17-82
222            <meta-data
222-->[com.google.firebase:firebase-installations:17.2.0] AndroidManifest.xml:15:13-17:85
223                android:name="com.google.firebase.components:com.google.firebase.installations.FirebaseInstallationsKtxRegistrar"
223-->[com.google.firebase:firebase-installations:17.2.0] AndroidManifest.xml:16:17-130
224                android:value="com.google.firebase.components.ComponentRegistrar" />
224-->[com.google.firebase:firebase-installations:17.2.0] AndroidManifest.xml:17:17-82
225            <meta-data
225-->[com.google.firebase:firebase-installations:17.2.0] AndroidManifest.xml:18:13-20:85
226                android:name="com.google.firebase.components:com.google.firebase.installations.FirebaseInstallationsRegistrar"
226-->[com.google.firebase:firebase-installations:17.2.0] AndroidManifest.xml:19:17-127
227                android:value="com.google.firebase.components.ComponentRegistrar" />
227-->[com.google.firebase:firebase-installations:17.2.0] AndroidManifest.xml:20:17-82
228            <meta-data
228-->[com.google.firebase:firebase-common-ktx:20.4.2] AndroidManifest.xml:12:13-14:85
229                android:name="com.google.firebase.components:com.google.firebase.ktx.FirebaseCommonLegacyRegistrar"
229-->[com.google.firebase:firebase-common-ktx:20.4.2] AndroidManifest.xml:13:17-116
230                android:value="com.google.firebase.components.ComponentRegistrar" />
230-->[com.google.firebase:firebase-common-ktx:20.4.2] AndroidManifest.xml:14:17-82
231            <meta-data
231-->[com.google.firebase:firebase-common:20.4.2] AndroidManifest.xml:35:13-37:85
232                android:name="com.google.firebase.components:com.google.firebase.FirebaseCommonKtxRegistrar"
232-->[com.google.firebase:firebase-common:20.4.2] AndroidManifest.xml:36:17-109
233                android:value="com.google.firebase.components.ComponentRegistrar" />
233-->[com.google.firebase:firebase-common:20.4.2] AndroidManifest.xml:37:17-82
234            <meta-data
234-->[com.google.firebase:firebase-datatransport:18.1.7] AndroidManifest.xml:27:13-29:85
235                android:name="com.google.firebase.components:com.google.firebase.datatransport.TransportRegistrar"
235-->[com.google.firebase:firebase-datatransport:18.1.7] AndroidManifest.xml:28:17-115
236                android:value="com.google.firebase.components.ComponentRegistrar" />
236-->[com.google.firebase:firebase-datatransport:18.1.7] AndroidManifest.xml:29:17-82
237        </service>
238
239        <receiver
239-->[com.google.firebase:firebase-messaging:23.4.0] AndroidManifest.xml:29:9-40:20
240            android:name="com.google.firebase.iid.FirebaseInstanceIdReceiver"
240-->[com.google.firebase:firebase-messaging:23.4.0] AndroidManifest.xml:30:13-78
241            android:exported="true"
241-->[com.google.firebase:firebase-messaging:23.4.0] AndroidManifest.xml:31:13-36
242            android:permission="com.google.android.c2dm.permission.SEND" >
242-->[com.google.firebase:firebase-messaging:23.4.0] AndroidManifest.xml:32:13-73
243            <intent-filter>
243-->[com.google.firebase:firebase-messaging:23.4.0] AndroidManifest.xml:33:13-35:29
244                <action android:name="com.google.android.c2dm.intent.RECEIVE" />
244-->[com.google.firebase:firebase-messaging:23.4.0] AndroidManifest.xml:34:17-81
244-->[com.google.firebase:firebase-messaging:23.4.0] AndroidManifest.xml:34:25-78
245            </intent-filter>
246
247            <meta-data
247-->[com.google.firebase:firebase-messaging:23.4.0] AndroidManifest.xml:37:13-39:40
248                android:name="com.google.android.gms.cloudmessaging.FINISHED_AFTER_HANDLED"
248-->[com.google.firebase:firebase-messaging:23.4.0] AndroidManifest.xml:38:17-92
249                android:value="true" />
249-->[com.google.firebase:firebase-messaging:23.4.0] AndroidManifest.xml:39:17-37
250        </receiver>
251        <!--
252             FirebaseMessagingService performs security checks at runtime,
253             but set to not exported to explicitly avoid allowing another app to call it.
254        -->
255        <service
255-->[com.google.firebase:firebase-messaging:23.4.0] AndroidManifest.xml:46:9-53:19
256            android:name="com.google.firebase.messaging.FirebaseMessagingService"
256-->[com.google.firebase:firebase-messaging:23.4.0] AndroidManifest.xml:47:13-82
257            android:directBootAware="true"
257-->[com.google.firebase:firebase-messaging:23.4.0] AndroidManifest.xml:48:13-43
258            android:exported="false" >
258-->[com.google.firebase:firebase-messaging:23.4.0] AndroidManifest.xml:49:13-37
259            <intent-filter android:priority="-500" >
259-->src\main\AndroidManifest.xml:121:13-123:29
260                <action android:name="com.google.firebase.MESSAGING_EVENT" />
260-->src\main\AndroidManifest.xml:122:17-78
260-->src\main\AndroidManifest.xml:122:25-75
261            </intent-filter>
262        </service>
263
264        <provider
264-->[com.google.firebase:firebase-common:20.4.2] AndroidManifest.xml:23:9-28:39
265            android:name="com.google.firebase.provider.FirebaseInitProvider"
265-->[com.google.firebase:firebase-common:20.4.2] AndroidManifest.xml:24:13-77
266            android:authorities="com.example.stdili.firebaseinitprovider"
266-->[com.google.firebase:firebase-common:20.4.2] AndroidManifest.xml:25:13-72
267            android:directBootAware="true"
267-->[com.google.firebase:firebase-common:20.4.2] AndroidManifest.xml:26:13-43
268            android:exported="false"
268-->[com.google.firebase:firebase-common:20.4.2] AndroidManifest.xml:27:13-37
269            android:initOrder="100" />
269-->[com.google.firebase:firebase-common:20.4.2] AndroidManifest.xml:28:13-36
270
271        <service
271-->[com.google.android.gms:play-services-mlkit-face-detection:17.0.1] AndroidManifest.xml:9:9-15:19
272            android:name="com.google.mlkit.common.internal.MlKitComponentDiscoveryService"
272-->[com.google.android.gms:play-services-mlkit-face-detection:17.0.1] AndroidManifest.xml:10:13-91
273            android:directBootAware="true"
273-->[com.google.mlkit:common:18.1.0] AndroidManifest.xml:17:13-43
274            android:exported="false" >
274-->[com.google.android.gms:play-services-mlkit-face-detection:17.0.1] AndroidManifest.xml:11:13-37
275            <meta-data
275-->[com.google.android.gms:play-services-mlkit-face-detection:17.0.1] AndroidManifest.xml:12:13-14:85
276                android:name="com.google.firebase.components:com.google.mlkit.vision.face.internal.FaceRegistrar"
276-->[com.google.android.gms:play-services-mlkit-face-detection:17.0.1] AndroidManifest.xml:13:17-114
277                android:value="com.google.firebase.components.ComponentRegistrar" />
277-->[com.google.android.gms:play-services-mlkit-face-detection:17.0.1] AndroidManifest.xml:14:17-82
278            <meta-data
278-->[com.google.mlkit:vision-common:17.1.0] AndroidManifest.xml:12:13-14:85